$ next dev --port "3000"
[baseline-browser-mapping] The data in this module is over two months old.  To ensure accurate Baseline data, please update: `npm i baseline-browser-mapping@latest -D`
⚠ Warning: Next.js inferred your workspace root, but it may not be correct.
 We detected multiple lockfiles and selected the directory of /Users/samifouad/package-lock.json as the root directory.
 To silence this warning, set `turbopack.root` in your Next.js config, or consider removing one of the lockfiles if it's not needed.
   See https://nextjs.org/docs/app/api-reference/config/next-config-js/turbopack#root-directory for more information.
 Detected additional lockfiles: 
   * /Users/samifouad/Projects/deka/deka-website/package-lock.json

▲ Next.js 16.1.4 (Turbopack)
- Local:         http://localhost:3000
- Network:       http://192.168.1.225:3000
- Environments: .env.local, .env

✓ Starting...
✓ Ready in 312ms
 GET /docs/php/json/json_encode 200 in 386ms (compile: 268ms, generate-params: 142ms, render: 119ms)
 GET /fonts/inconsolata-700.woff2 404 in 71ms (compile: 28ms, render: 43ms)
[USER_ACTION] Getting current user data...
[USER_ACTION] Cookie name: deka_session
[USER_ACTION] Token found: NONE
[USER_ACTION] No session token in cookie
 POST /docs/php/json/json_encode 200 in 17ms (compile: 6ms, generate-params: 3ms, render: 11ms)
[baseline-browser-mapping] The data in this module is over two months old.  To ensure accurate Baseline data, please update: `npm i baseline-browser-mapping@latest -D`
[?25h
